<?xml version="1.0" encoding="UTF-8"?>
<!-- Generated by org.testng.reporters.JUnitReportReporter -->
<testsuite hostname="DESKTOP-D2H9O8M" failures="0" tests="2" name="qaclickacademy.AppiumTest" time="0.005" errors="0" timestamp="2022-05-23T17:01:14 CEST" skipped="0">
  <testcase classname="qaclickacademy.AppiumTest" name="IOSApps" time="0.004"/>
  <system-out/>
  <testcase classname="qaclickacademy.AppiumTest" name="nativeAPAndroid" time="0.001"/>
  <system-out/>
</testsuite> <!-- qaclickacademy.AppiumTest -->
